2026-05-23 🌲 small steps every day.
2026-05-23 🌲 show up. that's it.
2026-05-24 🌿 done is better than perfect.
2026-05-25 🍀 the only way out is through.
2026-05-27 🌾 deep work > busy work.
2026-05-28 🪴 future you will thank present you.
2026-05-29 🍀 code is read more than written.
2026-05-30 🍀 build in public.
2026-05-31 🪴 the only way out is through.
2026-06-01 🍀 show up. that's it.
2026-06-02 🌲 the best time to start was yesterday.
2026-06-03 🌲 deep work > busy work.
2026-06-04 🌾 the only way out is through.
2026-06-05 🪴 the best time to start was yesterday.
2026-06-06 🌿 small steps every day.
2026-06-07 🍀 future you will thank present you.
2026-06-08 🍀 show up. that's it.
2026-06-09 🪴 ship something, even small.
2026-06-10 🌳 the only way out is through.
2026-06-11 🌲 the best time to start was yesterday.
2026-06-12 🌿 simple is hard.
2026-06-13 🪴 future you will thank present you.
2026-06-14 🍀 small steps every day.
2026-06-15 🌱 the only way out is through.
2026-06-16 🌾 small steps every day.
2026-06-17 🪴 1% better each day.
2026-06-18 🌲 future you will thank present you.
2026-06-19 🌲 the only way out is through.
2026-06-20 🌲 show up. that's it.
2026-06-21 🪴 show up. that's it.
2026-06-22 🌲 the only way out is through.
2026-06-23 🌱 make it work, make it right, make it fast.
2026-06-24 🌳 make it work, make it right, make it fast.
2026-06-25 🌾 small steps every day.
2026-06-26 🌲 consistency beats intensity.
2026-06-27 🌿 code is read more than written.
2026-06-28 🌱 simple is hard.
2026-06-29 🪴 small steps every day.
2026-06-30 🍀 1% better each day.
2026-07-01 🪴 deep work > busy work.
